-------------------------------------------------------------------------------
Test set: com.roundlun.iot.CloudApplicationTests
-------------------------------------------------------------------------------
Tests run: 1, Failures: 0, Errors: 1, Skipped: 0, Time elapsed: 6.741 s <<< FAILURE! - in com.roundlun.iot.CloudApplicationTests
contextLoads  Time elapsed: 0.012 s  <<< ERROR!
java.lang.IllegalStateException: Failed to load ApplicationContext
Caused by: org.springframework.beans.factory.UnsatisfiedDependencyException: Error creating bean with name 'sysCollectionController': Unsatisfied dependency expressed through field 'sysCollectionService'; nested exception is org.springframework.beans.factory.UnsatisfiedDependencyException: Error creating bean with name 'sysCollectionServiceImpl': Unsatisfied dependency expressed through field 'sysCollectionMapper'; nested exception is org.springframework.beans.factory.UnsatisfiedDependencyException: Error creating bean with name 'sysCollectionMapper' defined in file [C:\Users\DD\Desktop\Web-IOT\admin\target\classes\com\roundlun\iot\mapper\SysCollectionMapper.class]: Unsatisfied dependency expressed through bean property 'sqlSessionFactory'; nested exception is org.springframework.beans.factory.BeanCreationException: Error creating bean with name 'sqlSessionFactory' defined in class path resource [com/baomidou/mybatisplus/autoconfigure/MybatisPlusAutoConfiguration.class]: Bean instantiation via factory method failed; nested exception is org.springframework.beans.BeanInstantiationException: Failed to instantiate [org.apache.ibatis.session.SqlSessionFactory]: Factory method 'sqlSessionFactory' threw exception; nested exception is java.io.IOException: Failed to parse mapping resource: 'file [C:\Users\DD\Desktop\Web-IOT\admin\target\classes\mapper\SysCollectionMapper.xml]'
Caused by: org.springframework.beans.factory.UnsatisfiedDependencyException: Error creating bean with name 'sysCollectionServiceImpl': Unsatisfied dependency expressed through field 'sysCollectionMapper'; nested exception is org.springframework.beans.factory.UnsatisfiedDependencyException: Error creating bean with name 'sysCollectionMapper' defined in file [C:\Users\DD\Desktop\Web-IOT\admin\target\classes\com\roundlun\iot\mapper\SysCollectionMapper.class]: Unsatisfied dependency expressed through bean property 'sqlSessionFactory'; nested exception is org.springframework.beans.factory.BeanCreationException: Error creating bean with name 'sqlSessionFactory' defined in class path resource [com/baomidou/mybatisplus/autoconfigure/MybatisPlusAutoConfiguration.class]: Bean instantiation via factory method failed; nested exception is org.springframework.beans.BeanInstantiationException: Failed to instantiate [org.apache.ibatis.session.SqlSessionFactory]: Factory method 'sqlSessionFactory' threw exception; nested exception is java.io.IOException: Failed to parse mapping resource: 'file [C:\Users\DD\Desktop\Web-IOT\admin\target\classes\mapper\SysCollectionMapper.xml]'
Caused by: org.springframework.beans.factory.UnsatisfiedDependencyException: Error creating bean with name 'sysCollectionMapper' defined in file [C:\Users\DD\Desktop\Web-IOT\admin\target\classes\com\roundlun\iot\mapper\SysCollectionMapper.class]: Unsatisfied dependency expressed through bean property 'sqlSessionFactory'; nested exception is org.springframework.beans.factory.BeanCreationException: Error creating bean with name 'sqlSessionFactory' defined in class path resource [com/baomidou/mybatisplus/autoconfigure/MybatisPlusAutoConfiguration.class]: Bean instantiation via factory method failed; nested exception is org.springframework.beans.BeanInstantiationException: Failed to instantiate [org.apache.ibatis.session.SqlSessionFactory]: Factory method 'sqlSessionFactory' threw exception; nested exception is java.io.IOException: Failed to parse mapping resource: 'file [C:\Users\DD\Desktop\Web-IOT\admin\target\classes\mapper\SysCollectionMapper.xml]'
Caused by: org.springframework.beans.factory.BeanCreationException: Error creating bean with name 'sqlSessionFactory' defined in class path resource [com/baomidou/mybatisplus/autoconfigure/MybatisPlusAutoConfiguration.class]: Bean instantiation via factory method failed; nested exception is org.springframework.beans.BeanInstantiationException: Failed to instantiate [org.apache.ibatis.session.SqlSessionFactory]: Factory method 'sqlSessionFactory' threw exception; nested exception is java.io.IOException: Failed to parse mapping resource: 'file [C:\Users\DD\Desktop\Web-IOT\admin\target\classes\mapper\SysCollectionMapper.xml]'
Caused by: org.springframework.beans.BeanInstantiationException: Failed to instantiate [org.apache.ibatis.session.SqlSessionFactory]: Factory method 'sqlSessionFactory' threw exception; nested exception is java.io.IOException: Failed to parse mapping resource: 'file [C:\Users\DD\Desktop\Web-IOT\admin\target\classes\mapper\SysCollectionMapper.xml]'
Caused by: java.io.IOException: Failed to parse mapping resource: 'file [C:\Users\DD\Desktop\Web-IOT\admin\target\classes\mapper\SysCollectionMapper.xml]'
Caused by: org.apache.ibatis.builder.BuilderException: Error parsing Mapper XML. The XML location is 'file [C:\Users\DD\Desktop\Web-IOT\admin\target\classes\mapper\SysCollectionMapper.xml]'. Cause: org.apache.ibatis.builder.BuilderException: Error resolving class. Cause: org.apache.ibatis.type.TypeException: Could not resolve type alias 'SysCollection'.  Cause: java.lang.ClassNotFoundException: Cannot find class: SysCollection
Caused by: org.apache.ibatis.builder.BuilderException: Error resolving class. Cause: org.apache.ibatis.type.TypeException: Could not resolve type alias 'SysCollection'.  Cause: java.lang.ClassNotFoundException: Cannot find class: SysCollection
Caused by: org.apache.ibatis.type.TypeException: Could not resolve type alias 'SysCollection'.  Cause: java.lang.ClassNotFoundException: Cannot find class: SysCollection
Caused by: java.lang.ClassNotFoundException: Cannot find class: SysCollection

